<?xml version="1.0" encoding="UTF-8"?>
<!-- Generated by org.testng.reporters.JUnitReportReporter -->
<testsuite skipped="0" hostname="DESKTOP-1J8QQ19" name="com.qa.tests.PostAPITest" tests="1" failures="0" timestamp="28 Dec 2018 17:40:53 GMT" time="2.293" errors="0">
  <testcase name="postApiTest" time="2.293" classname="com.qa.tests.PostAPITest"/>
</testsuite> <!-- com.qa.tests.PostAPITest -->
